# Generated by the VisualDSP++ IDDE (Wed Mar 09 13:58:20 2016)
# Project File: C:\Users\IBM-201\Documents\GitHub\DHIN_OWCTL_Firmware\DHIN_OWCTL_Firmware v3.8\SDP.dpj

"C:\Program Files (x86)\Analog Devices\VisualDSP 5.1.1\easmblkfn.exe" .\OneWire_basiccrt.s -proc ADSP-BF527 -file-attr ProjectName=OneWire -si-revision 0.2 -o .\Release\OneWire_basiccrt.doj -MM
"C:\Program Files (x86)\Analog Devices\VisualDSP 5.1.1\ccblkfn.exe" -c .\OneWire_heaptab.c -file-attr ProjectName=OneWire -structs-do-not-overlap -no-multiline -double-size-32 -decls-strong -warn-protos -si-revision 0.2 -proc ADSP-BF527 -o .\Release\OneWire_heaptab.doj -MM
"C:\Program Files (x86)\Analog Devices\VisualDSP 5.1.1\ccblkfn.exe" -c .\SDP.c -file-attr ProjectName=OneWire -structs-do-not-overlap -no-multiline -double-size-32 -decls-strong -warn-protos -si-revision 0.2 -proc ADSP-BF527 -o .\Release\SDP.doj -MM
"C:\Program Files (x86)\Analog Devices\VisualDSP 5.1.1\ccblkfn.exe" -c .\SDP_ADMP521T.c -file-attr ProjectName=OneWire -structs-do-not-overlap -no-multiline -double-size-32 -decls-strong -warn-protos -si-revision 0.2 -proc ADSP-BF527 -o .\Release\SDP_ADMP521T.doj -MM
"C:\Program Files (x86)\Analog Devices\VisualDSP 5.1.1\ccblkfn.exe" -c .\SDP_async_parallel.c -file-attr ProjectName=OneWire -structs-do-not-overlap -no-multiline -double-size-32 -decls-strong -warn-protos -si-revision 0.2 -proc ADSP-BF527 -o .\Release\SDP_async_parallel.doj -MM
"C:\Program Files (x86)\Analog Devices\VisualDSP 5.1.1\ccblkfn.exe" -c .\SDP_general_functions.c -file-attr ProjectName=OneWire -structs-do-not-overlap -no-multiline -double-size-32 -decls-strong -warn-protos -si-revision 0.2 -proc ADSP-BF527 -o .\Release\SDP_general_functions.doj -MM
"C:\Program Files (x86)\Analog Devices\VisualDSP 5.1.1\ccblkfn.exe" -c .\SDP_gpio.c -file-attr ProjectName=OneWire -structs-do-not-overlap -no-multiline -double-size-32 -decls-strong -warn-protos -si-revision 0.2 -proc ADSP-BF527 -o .\Release\SDP_gpio.doj -MM
"C:\Program Files (x86)\Analog Devices\VisualDSP 5.1.1\ccblkfn.exe" -c .\SDP_gpio_i2c.c -file-attr ProjectName=OneWire -structs-do-not-overlap -no-multiline -double-size-32 -decls-strong -warn-protos -si-revision 0.2 -proc ADSP-BF527 -o .\Release\SDP_gpio_i2c.doj -MM
"C:\Program Files (x86)\Analog Devices\VisualDSP 5.1.1\ccblkfn.exe" -c .\SDP_i2c.c -file-attr ProjectName=OneWire -structs-do-not-overlap -no-multiline -double-size-32 -decls-strong -warn-protos -si-revision 0.2 -proc ADSP-BF527 -o .\Release\SDP_i2c.doj -MM
"C:\Program Files (x86)\Analog Devices\VisualDSP 5.1.1\ccblkfn.exe" -c .\SDP_i2c_pseudo_low_level.c -file-attr ProjectName=OneWire -structs-do-not-overlap -no-multiline -double-size-32 -decls-strong -warn-protos -si-revision 0.2 -proc ADSP-BF527 -o .\Release\SDP_i2c_pseudo_low_level.doj -MM
"C:\Program Files (x86)\Analog Devices\VisualDSP 5.1.1\ccblkfn.exe" -c .\SDP_id_eeprom.c -file-attr ProjectName=OneWire -structs-do-not-overlap -no-multiline -double-size-32 -decls-strong -warn-protos -si-revision 0.2 -proc ADSP-BF527 -o .\Release\SDP_id_eeprom.doj -MM
"C:\Program Files (x86)\Analog Devices\VisualDSP 5.1.1\ccblkfn.exe" -c .\SDP_my_TWI.c -file-attr ProjectName=OneWire -structs-do-not-overlap -no-multiline -double-size-32 -decls-strong -warn-protos -si-revision 0.2 -proc ADSP-BF527 -o .\Release\SDP_my_TWI.doj -MM
"C:\Program Files (x86)\Analog Devices\VisualDSP 5.1.1\ccblkfn.exe" -c .\SDP_OneWire.c -file-attr ProjectName=OneWire -structs-do-not-overlap -no-multiline -double-size-32 -decls-strong -warn-protos -si-revision 0.2 -proc ADSP-BF527 -o .\Release\SDP_OneWire.doj -MM
".\SDP_OneWire.c", line 213: cc1368: {D} warning: nonstandard cast on lvalue
          ignored
  (u32)*sendBuf_OneWire = reg_data;
  ^

".\SDP_OneWire.c", line 224: cc1368: {D} warning: nonstandard cast on lvalue
          ignored
  (u32)*sendBuf_OneWire = reg_data;
  ^

".\SDP_OneWire.c", line 251: cc1368: {D} warning: nonstandard cast on lvalue
          ignored
  (u32)*(sendBuf_OneWire + read_num * 4) = data[read_num];
  ^

"C:\Program Files (x86)\Analog Devices\VisualDSP 5.1.1\ccblkfn.exe" -c .\SDP_pdm.c -file-attr ProjectName=OneWire -structs-do-not-overlap -no-multiline -double-size-32 -decls-strong -warn-protos -si-revision 0.2 -proc ADSP-BF527 -o .\Release\SDP_pdm.doj -MM
"C:\Program Files (x86)\Analog Devices\VisualDSP 5.1.1\ccblkfn.exe" -c .\SDP_ppi.c -file-attr ProjectName=OneWire -structs-do-not-overlap -no-multiline -double-size-32 -decls-strong -warn-protos -si-revision 0.2 -proc ADSP-BF527 -o .\Release\SDP_ppi.doj -MM
"C:\Program Files (x86)\Analog Devices\VisualDSP 5.1.1\ccblkfn.exe" -c .\SDP_spi_hw.c -file-attr ProjectName=OneWire -structs-do-not-overlap -no-multiline -double-size-32 -decls-strong -warn-protos -si-revision 0.2 -proc ADSP-BF527 -o .\Release\SDP_spi_hw.doj -MM
"C:\Program Files (x86)\Analog Devices\VisualDSP 5.1.1\ccblkfn.exe" -c .\SDP_sport.c -file-attr ProjectName=OneWire -structs-do-not-overlap -no-multiline -double-size-32 -decls-strong -warn-protos -si-revision 0.2 -proc ADSP-BF527 -o .\Release\SDP_sport.doj -MM
"C:\Program Files (x86)\Analog Devices\VisualDSP 5.1.1\ccblkfn.exe" -c .\SDP_ssl_init.c -file-attr ProjectName=OneWire -structs-do-not-overlap -no-multiline -double-size-32 -decls-strong -warn-protos -si-revision 0.2 -proc ADSP-BF527 -o .\Release\SDP_ssl_init.doj -MM
"C:\Program Files (x86)\Analog Devices\VisualDSP 5.1.1\ccblkfn.exe" -c .\SDP_timer.c -file-attr ProjectName=OneWire -structs-do-not-overlap -no-multiline -double-size-32 -decls-strong -warn-protos -si-revision 0.2 -proc ADSP-BF527 -o .\Release\SDP_timer.doj -MM
"C:\Program Files (x86)\Analog Devices\VisualDSP 5.1.1\ccblkfn.exe" -c .\SDP_twi_low_level.c -file-attr ProjectName=OneWire -structs-do-not-overlap -no-multiline -double-size-32 -decls-strong -warn-protos -si-revision 0.2 -proc ADSP-BF527 -o .\Release\SDP_twi_low_level.doj -MM
"C:\Program Files (x86)\Analog Devices\VisualDSP 5.1.1\ccblkfn.exe" -c .\SDP_usb.c -file-attr ProjectName=OneWire -structs-do-not-overlap -no-multiline -double-size-32 -decls-strong -warn-protos -si-revision 0.2 -proc ADSP-BF527 -o .\Release\SDP_usb.doj -MM
"C:\Program Files (x86)\Analog Devices\VisualDSP 5.1.1\ccblkfn.exe" -c .\SDP_user.c -file-attr ProjectName=OneWire -structs-do-not-overlap -no-multiline -double-size-32 -decls-strong -warn-protos -si-revision 0.2 -proc ADSP-BF527 -o .\Release\SDP_user.doj -MM
"C:\Program Files (x86)\Analog Devices\VisualDSP 5.1.1\ccblkfn.exe" .\Release\OneWire_basiccrt.doj .\Release\OneWire_heaptab.doj .\Release\SDP.doj .\Release\SDP_ADMP521T.doj .\Release\SDP_async_parallel.doj .\Release\SDP_general_functions.doj .\Release\SDP_gpio.doj .\Release\SDP_gpio_i2c.doj .\Release\SDP_i2c.doj .\Release\SDP_i2c_pseudo_low_level.doj .\Release\SDP_id_eeprom.doj .\Release\SDP_my_TWI.doj .\Release\SDP_OneWire.doj .\Release\SDP_pdm.doj .\Release\SDP_ppi.doj .\Release\SDP_spi_hw.doj .\Release\SDP_sport.doj .\Release\SDP_ssl_init.doj .\Release\SDP_timer.doj .\Release\SDP_twi_low_level.doj .\Release\SDP_usb.doj .\Release\SDP_user.doj -T .\OneWire.ldf -map .\Release\OneWire.map.xml -flags-link -ip -L .\Release -flags-link -MDUSE_FILEIO,-MD__cplusplus,-MDUSER_CRT="OneWire_basiccrt.doj" -flags-link -e -flags-link -od,.\Release -o .\Release\OneWire.dxe -proc ADSP-BF527 -si-revision 0.2 -flags-link -MM
"C:\Program Files (x86)\Analog Devices\VisualDSP 5.1.1\elfloader.exe" .\Release\OneWire.dxe -b SPI -f HEX -Width 8 -init "D:\.IBM.DISK_E\Project Running\One Wire\SDP Solution\OWCI_FW - LR\ezkitBF527_initcode_ROM.dxe" -o .\Release\SDP.ldr -No2Kernel -denseblocks -si-revision 0.2 -proc ADSP-BF527 -MM
