# Generated by the VisualDSP++ IDDE (Wed Apr 03 16:37:36 2013)
# Project File: C:\Users\hding\Desktop\OneWireMPH\OneWire_FW\SDP.dpj

"C:\Program Files\Analog Devices\VisualDSP 5.0\easmblkfn.exe" .\OneWire_basiccrt.s -proc ADSP-BF527 -file-attr ProjectName=OneWire -g -si-revision 0.2 -o .\Debug\OneWire_basiccrt.doj -MM
"C:\Program Files\Analog Devices\VisualDSP 5.0\ccblkfn.exe" -c .\OneWire_heaptab.c -file-attr ProjectName=OneWire -g -structs-do-not-overlap -no-multiline -double-size-32 -decls-strong -warn-protos -si-revision 0.2 -proc ADSP-BF527 -o .\Debug\OneWire_heaptab.doj -MM
"C:\Program Files\Analog Devices\VisualDSP 5.0\ccblkfn.exe" -c .\SDP.c -file-attr ProjectName=OneWire -g -structs-do-not-overlap -no-multiline -double-size-32 -decls-strong -warn-protos -si-revision 0.2 -proc ADSP-BF527 -o .\Debug\SDP.doj -MM
"C:\Program Files\Analog Devices\VisualDSP 5.0\ccblkfn.exe" -c .\SDP_ADMP521T.c -file-attr ProjectName=OneWire -g -structs-do-not-overlap -no-multiline -double-size-32 -decls-strong -warn-protos -si-revision 0.2 -proc ADSP-BF527 -o .\Debug\SDP_ADMP521T.doj -MM
"C:\Program Files\Analog Devices\VisualDSP 5.0\ccblkfn.exe" -c .\SDP_async_parallel.c -file-attr ProjectName=OneWire -g -structs-do-not-overlap -no-multiline -double-size-32 -decls-strong -warn-protos -si-revision 0.2 -proc ADSP-BF527 -o .\Debug\SDP_async_parallel.doj -MM
"C:\Program Files\Analog Devices\VisualDSP 5.0\ccblkfn.exe" -c .\SDP_general_functions.c -file-attr ProjectName=OneWire -g -structs-do-not-overlap -no-multiline -double-size-32 -decls-strong -warn-protos -si-revision 0.2 -proc ADSP-BF527 -o .\Debug\SDP_general_functions.doj -MM
"C:\Program Files\Analog Devices\VisualDSP 5.0\ccblkfn.exe" -c .\SDP_gpio.c -file-attr ProjectName=OneWire -g -structs-do-not-overlap -no-multiline -double-size-32 -decls-strong -warn-protos -si-revision 0.2 -proc ADSP-BF527 -o .\Debug\SDP_gpio.doj -MM
"C:\Program Files\Analog Devices\VisualDSP 5.0\ccblkfn.exe" -c .\SDP_gpio_i2c.c -file-attr ProjectName=OneWire -g -structs-do-not-overlap -no-multiline -double-size-32 -decls-strong -warn-protos -si-revision 0.2 -proc ADSP-BF527 -o .\Debug\SDP_gpio_i2c.doj -MM
"C:\Program Files\Analog Devices\VisualDSP 5.0\ccblkfn.exe" -c .\SDP_i2c.c -file-attr ProjectName=OneWire -g -structs-do-not-overlap -no-multiline -double-size-32 -decls-strong -warn-protos -si-revision 0.2 -proc ADSP-BF527 -o .\Debug\SDP_i2c.doj -MM
"C:\Program Files\Analog Devices\VisualDSP 5.0\ccblkfn.exe" -c .\SDP_i2c_pseudo_low_level.c -file-attr ProjectName=OneWire -g -structs-do-not-overlap -no-multiline -double-size-32 -decls-strong -warn-protos -si-revision 0.2 -proc ADSP-BF527 -o .\Debug\SDP_i2c_pseudo_low_level.doj -MM
"C:\Program Files\Analog Devices\VisualDSP 5.0\ccblkfn.exe" -c .\SDP_id_eeprom.c -file-attr ProjectName=OneWire -g -structs-do-not-overlap -no-multiline -double-size-32 -decls-strong -warn-protos -si-revision 0.2 -proc ADSP-BF527 -o .\Debug\SDP_id_eeprom.doj -MM
"C:\Program Files\Analog Devices\VisualDSP 5.0\ccblkfn.exe" -c .\SDP_my_TWI.c -file-attr ProjectName=OneWire -g -structs-do-not-overlap -no-multiline -double-size-32 -decls-strong -warn-protos -si-revision 0.2 -proc ADSP-BF527 -o .\Debug\SDP_my_TWI.doj -MM
"C:\Program Files\Analog Devices\VisualDSP 5.0\ccblkfn.exe" -c .\SDP_OneWire.c -file-attr ProjectName=OneWire -g -structs-do-not-overlap -no-multiline -double-size-32 -decls-strong -warn-protos -si-revision 0.2 -proc ADSP-BF527 -o .\Debug\SDP_OneWire.doj -MM
".\SDP_OneWire.c", line 214: cc1080: {D} warning: Function does not have a
          full prototype
  memset(sendBuf_OneWire, 0, sizeof(sendBuf_OneWire));
  ^

".\SDP_OneWire.c", line 215: cc1368: {D} warning: nonstandard cast on lvalue
          ignored
  (u32)*sendBuf_OneWire = reg_data;
  ^

".\SDP_OneWire.c", line 239: cc1080: {D} warning: Function does not have a
          full prototype
  memset(sendBuf_OneWire, 0, sizeof(sendBuf_OneWire));
  ^

".\SDP_OneWire.c", line 242: cc1368: {D} warning: nonstandard cast on lvalue
          ignored
  (u32)*(sendBuf_OneWire + read_num * 4) = data[read_num];
  ^

".\SDP_OneWire.c", line 296: cc1080: {D} warning: Function does not have a
          full prototype
  memset(sendBuf_OneWire, 0, sizeof(sendBuf_OneWire));
  ^

".\SDP_OneWire.c", line 305: cc1080: {D} warning: Function does not have a
          full prototype
  memset(sendBuf_OneWire, 0, sizeof(sendBuf_OneWire));
  ^

".\SDP_OneWire.c", line 389: cc0009: {D} warning: nested comment is not allowed
  //*pTIMER7_CONFIG = 0x0016;    // TMR input, Interrupt enable, count width, Postive width, WDTH_CAP mode
   ^

".\SDP_OneWire.c", line 394: cc0009: {D} warning: nested comment is not allowed
  //*pTIMER7_WIDTH = 120;
   ^

".\SDP_OneWire.c", line 395: cc0009: {D} warning: nested comment is not allowed
  //*pTIMER7_PERIOD = 240;
   ^

".\SDP_OneWire.c", line 504: cc0009: {D} warning: nested comment is not allowed
  //*pTIMER_DISABLE |= 0x80;
   ^

"C:\Program Files\Analog Devices\VisualDSP 5.0\ccblkfn.exe" -c .\SDP_pdm.c -file-attr ProjectName=OneWire -g -structs-do-not-overlap -no-multiline -double-size-32 -decls-strong -warn-protos -si-revision 0.2 -proc ADSP-BF527 -o .\Debug\SDP_pdm.doj -MM
"C:\Program Files\Analog Devices\VisualDSP 5.0\ccblkfn.exe" -c .\SDP_ppi.c -file-attr ProjectName=OneWire -g -structs-do-not-overlap -no-multiline -double-size-32 -decls-strong -warn-protos -si-revision 0.2 -proc ADSP-BF527 -o .\Debug\SDP_ppi.doj -MM
"C:\Program Files\Analog Devices\VisualDSP 5.0\ccblkfn.exe" -c .\SDP_spi_hw.c -file-attr ProjectName=OneWire -g -structs-do-not-overlap -no-multiline -double-size-32 -decls-strong -warn-protos -si-revision 0.2 -proc ADSP-BF527 -o .\Debug\SDP_spi_hw.doj -MM
"C:\Program Files\Analog Devices\VisualDSP 5.0\ccblkfn.exe" -c .\SDP_sport.c -file-attr ProjectName=OneWire -g -structs-do-not-overlap -no-multiline -double-size-32 -decls-strong -warn-protos -si-revision 0.2 -proc ADSP-BF527 -o .\Debug\SDP_sport.doj -MM
"C:\Program Files\Analog Devices\VisualDSP 5.0\ccblkfn.exe" -c .\SDP_ssl_init.c -file-attr ProjectName=OneWire -g -structs-do-not-overlap -no-multiline -double-size-32 -decls-strong -warn-protos -si-revision 0.2 -proc ADSP-BF527 -o .\Debug\SDP_ssl_init.doj -MM
"C:\Program Files\Analog Devices\VisualDSP 5.0\ccblkfn.exe" -c .\SDP_timer.c -file-attr ProjectName=OneWire -g -structs-do-not-overlap -no-multiline -double-size-32 -decls-strong -warn-protos -si-revision 0.2 -proc ADSP-BF527 -o .\Debug\SDP_timer.doj -MM
"C:\Program Files\Analog Devices\VisualDSP 5.0\ccblkfn.exe" -c .\SDP_twi_low_level.c -file-attr ProjectName=OneWire -g -structs-do-not-overlap -no-multiline -double-size-32 -decls-strong -warn-protos -si-revision 0.2 -proc ADSP-BF527 -o .\Debug\SDP_twi_low_level.doj -MM
"C:\Program Files\Analog Devices\VisualDSP 5.0\ccblkfn.exe" -c .\SDP_usb.c -file-attr ProjectName=OneWire -g -structs-do-not-overlap -no-multiline -double-size-32 -decls-strong -warn-protos -si-revision 0.2 -proc ADSP-BF527 -o .\Debug\SDP_usb.doj -MM
"C:\Program Files\Analog Devices\VisualDSP 5.0\ccblkfn.exe" -c .\SDP_user.c -file-attr ProjectName=OneWire -g -structs-do-not-overlap -no-multiline -double-size-32 -decls-strong -warn-protos -si-revision 0.2 -proc ADSP-BF527 -o .\Debug\SDP_user.doj -MM
"C:\Program Files\Analog Devices\VisualDSP 5.0\ccblkfn.exe" .\Debug\OneWire_basiccrt.doj .\Debug\OneWire_heaptab.doj .\Debug\SDP.doj .\Debug\SDP_ADMP521T.doj .\Debug\SDP_async_parallel.doj .\Debug\SDP_general_functions.doj .\Debug\SDP_gpio.doj .\Debug\SDP_gpio_i2c.doj .\Debug\SDP_i2c.doj .\Debug\SDP_i2c_pseudo_low_level.doj .\Debug\SDP_id_eeprom.doj .\Debug\SDP_my_TWI.doj .\Debug\SDP_OneWire.doj .\Debug\SDP_pdm.doj .\Debug\SDP_ppi.doj .\Debug\SDP_spi_hw.doj .\Debug\SDP_sport.doj .\Debug\SDP_ssl_init.doj .\Debug\SDP_timer.doj .\Debug\SDP_twi_low_level.doj .\Debug\SDP_usb.doj .\Debug\SDP_user.doj -T .\OneWire.ldf -map .\Debug\OneWire.map.xml -flags-link -ip -L .\Debug -flags-link -MDUSE_FILEIO,-MD__cplusplus,-MDUSER_CRT="OneWire_basiccrt.doj" -add-debug-libpaths -flags-link -od,.\Debug -o .\Debug\OneWire.dxe -proc ADSP-BF527 -si-revision 0.2 -flags-link -MM
